2021-01-02 13:31:54.694 [HikariPool-3 housekeeper] WARN  com.zaxxer.hikari.pool.HikariPool - HikariPool-3 - Thread starvation or clock leap detected (housekeeper delta=16h9m42s289ms415µs900ns).
2021-01-02 13:39:43.632 [restartedMain] WARN  org.mybatis.spring.mapper.ClassPathMapperScanner - No MyBatis mapper was found in '[com.mark.serviceedu]' package. Please check your configuration.
2021-01-02 13:39:43.777 [restartedMain] WARN  org.apache.tomcat.util.modeler.Registry - The MBean registry cannot be disabled because it has already been initialised
2021-01-02 13:39:43.994 [restartedMain] WARN  com.netflix.config.sources.URLConfigurationSource - No URLs will be polled as dynamic configuration sources.
2021-01-02 13:39:44.146 [restartedMain] WARN  o.s.b.w.s.c.AnnotationConfigServletWebServerApplicationContext - Exception encountered during context initialization - cancelling refresh attempt: org.springframework.beans.factory.BeanCreationException: Error creating bean with name 'sqlSessionFactory' defined in class path resource [com/baomidou/mybatisplus/autoconfigure/MybatisPlusAutoConfiguration.class]: Bean instantiation via factory method failed; nested exception is org.springframework.beans.BeanInstantiationException: Failed to instantiate [org.apache.ibatis.session.SqlSessionFactory]: Factory method 'sqlSessionFactory' threw exception; nested exception is org.springframework.core.NestedIOException: Failed to parse mapping resource: 'file [D:\project\Idea Project\项目\guli-parent\service\service-edu\target\classes\com\mark\serviceedu\mapper\xml\EduCourseMapper.xml]'; nested exception is org.apache.ibatis.builder.BuilderException: Error parsing Mapper XML. The XML location is 'file [D:\project\Idea Project\项目\guli-parent\service\service-edu\target\classes\com\mark\serviceedu\mapper\xml\EduCourseMapper.xml]'. Cause: org.apache.ibatis.builder.BuilderException: Error resolving class. Cause: org.apache.ibatis.type.TypeException: Could not resolve type alias 'com.mark.serviceedu.entity.vo.CoursePublishVo'.  Cause: java.lang.ClassNotFoundException: Cannot find class: com.mark.serviceedu.entity.vo.CoursePublishVo
2021-01-02 13:39:47.618 [restartedMain] WARN  org.apache.tomcat.util.modeler.Registry - The MBean registry cannot be disabled because it has already been initialised
2021-01-02 13:39:48.022 [restartedMain] WARN  com.netflix.config.sources.URLConfigurationSource - No URLs will be polled as dynamic configuration sources.
2021-01-02 13:39:48.946 [com.alibaba.nacos.naming.push.receiver] WARN  com.alibaba.nacos.client.naming - write DEFAULT_GROUP%40%40service-cms conflict;retry time: 1
2021-01-02 13:39:49.820 [com.alibaba.nacos.naming.push.receiver] WARN  com.alibaba.nacos.client.naming - write DEFAULT_GROUP%40%40service-edu conflict;retry time: 1
2021-01-02 13:39:49.820 [com.alibaba.nacos.naming.push.receiver] WARN  com.alibaba.nacos.client.naming - write DEFAULT_GROUP%40%40service-edu conflict;retry time: 1
2021-01-02 13:39:49.841 [com.alibaba.nacos.naming.push.receiver] WARN  com.alibaba.nacos.client.naming - write DEFAULT_GROUP%40%40service-edu conflict;retry time: 2
2021-01-02 13:39:52.456 [com.alibaba.nacos.naming.push.receiver] WARN  com.alibaba.nacos.client.naming - out of date data received, old-t: 1609565988931, new-t: 1609565979169
2021-01-02 13:43:34.075 [com.alibaba.nacos.naming.push.receiver] WARN  com.alibaba.nacos.client.naming - write DEFAULT_GROUP%40%40service-cms conflict;retry time: 1
2021-01-02 13:43:34.075 [com.alibaba.nacos.naming.push.receiver] WARN  com.alibaba.nacos.client.naming - write DEFAULT_GROUP%40%40service-cms conflict;retry time: 1
2021-01-02 13:43:34.075 [com.alibaba.nacos.naming.push.receiver] WARN  com.alibaba.nacos.client.naming - write DEFAULT_GROUP%40%40service-cms conflict;retry time: 1
2021-01-02 13:43:34.096 [com.alibaba.nacos.naming.push.receiver] WARN  com.alibaba.nacos.client.naming - write DEFAULT_GROUP%40%40service-cms conflict;retry time: 2
2021-01-02 13:43:36.059 [com.alibaba.nacos.naming.push.receiver] WARN  com.alibaba.nacos.client.naming - write DEFAULT_GROUP%40%40service-cms conflict;retry time: 1
2021-01-02 13:43:36.059 [com.alibaba.nacos.naming.push.receiver] WARN  com.alibaba.nacos.client.naming - write DEFAULT_GROUP%40%40service-cms conflict;retry time: 1
2021-01-02 13:43:36.080 [com.alibaba.nacos.naming.push.receiver] WARN  com.alibaba.nacos.client.naming - write DEFAULT_GROUP%40%40service-cms conflict;retry time: 2
2021-01-02 14:04:59.684 [restartedMain] WARN  org.apache.tomcat.util.modeler.Registry - The MBean registry cannot be disabled because it has already been initialised
2021-01-02 14:04:59.823 [restartedMain] WARN  o.s.b.w.s.c.AnnotationConfigServletWebServerApplicationContext - Exception encountered during context initialization - cancelling refresh attempt: org.springframework.beans.factory.BeanCreationException: Error creating bean with name 'eduChapterController': Injection of resource dependencies failed; nested exception is org.springframework.beans.factory.BeanCreationException: Error creating bean with name 'eduChapterServiceImpl': Injection of resource dependencies failed; nested exception is org.springframework.beans.factory.UnsatisfiedDependencyException: Error creating bean with name 'eduVideoServiceImpl': Unsatisfied dependency expressed through field 'baseMapper'; nested exception is org.springframework.beans.factory.UnsatisfiedDependencyException: Error creating bean with name 'eduVideoMapper' defined in file [D:\project\Idea Project\项目\guli-parent\service\service-edu\target\classes\com\mark\serviceedu\mapper\EduVideoMapper.class]: Unsatisfied dependency expressed through bean property 'sqlSessionFactory'; nested exception is org.springframework.beans.factory.BeanCreationException: Error creating bean with name 'sqlSessionFactory' defined in class path resource [com/baomidou/mybatisplus/autoconfigure/MybatisPlusAutoConfiguration.class]: Bean instantiation via factory method failed; nested exception is org.springframework.beans.BeanInstantiationException: Failed to instantiate [org.apache.ibatis.session.SqlSessionFactory]: Factory method 'sqlSessionFactory' threw exception; nested exception is com.baomidou.mybatisplus.core.exceptions.MybatisPlusException: Error: GlobalConfigUtils setMetaData Fail !  Cause:com.mysql.cj.jdbc.exceptions.CommunicationsException: Communications link failure

The last packet sent successfully to the server was 0 milliseconds ago. The driver has not received any packets from the server.
2021-01-02 14:05:09.852 [com.alibaba.nacos.naming.push.receiver] WARN  com.alibaba.nacos.client.naming - out of date data received, old-t: 1609567503436, new-t: 1609567499851
2021-01-02 14:05:09.858 [com.alibaba.nacos.naming.push.receiver] WARN  com.alibaba.nacos.client.naming - out of date data received, old-t: 1609567508163, new-t: 1609567499851
2021-01-02 14:05:09.858 [com.alibaba.nacos.naming.push.receiver] WARN  com.alibaba.nacos.client.naming - out of date data received, old-t: 1609567508163, new-t: 1609567499851
2021-01-02 14:06:05.913 [com.alibaba.nacos.client.naming.updater] WARN  com.alibaba.nacos.client.naming - out of date data received, old-t: 1609567555910, new-t: 0
2021-01-02 14:06:08.184 [com.alibaba.nacos.client.naming.updater] WARN  com.alibaba.nacos.client.naming - out of date data received, old-t: 1609567558180, new-t: 0
2021-01-02 14:06:11.958 [com.alibaba.nacos.client.naming.updater] WARN  com.alibaba.nacos.client.naming - out of date data received, old-t: 1609567561955, new-t: 0
2021-01-02 14:06:12.699 [com.alibaba.nacos.client.naming.updater] WARN  com.alibaba.nacos.client.naming - out of date data received, old-t: 1609567562698, new-t: 0
2021-01-02 14:08:35.331 [com.alibaba.nacos.naming.push.receiver] WARN  com.alibaba.nacos.client.naming - write DEFAULT_GROUP%40%40server-oss conflict;retry time: 1
2021-01-02 14:08:43.020 [com.alibaba.nacos.naming.push.receiver] WARN  com.alibaba.nacos.client.naming - out of date data received, old-t: 1609567721526, new-t: 1609567713016
2021-01-02 14:08:43.020 [com.alibaba.nacos.naming.push.receiver] WARN  com.alibaba.nacos.client.naming - out of date data received, old-t: 1609567722266, new-t: 1609567713016
2021-01-02 14:08:45.101 [com.alibaba.nacos.naming.push.receiver] WARN  com.alibaba.nacos.client.naming - out of date data received, old-t: 1609567722272, new-t: 1609567715098
2021-01-02 14:08:45.102 [com.alibaba.nacos.naming.push.receiver] WARN  com.alibaba.nacos.client.naming - out of date data received, old-t: 1609567721528, new-t: 1609567715098
2021-01-02 14:15:29.291 [restartedMain] WARN  org.apache.tomcat.util.modeler.Registry - The MBean registry cannot be disabled because it has already been initialised
2021-01-02 14:15:29.679 [restartedMain] WARN  com.netflix.config.sources.URLConfigurationSource - No URLs will be polled as dynamic configuration sources.
2021-01-02 14:15:31.435 [com.alibaba.nacos.naming.push.receiver] WARN  com.alibaba.nacos.client.naming - write DEFAULT_GROUP%40%40service-edu conflict;retry time: 1
2021-01-02 14:15:31.435 [com.alibaba.nacos.naming.push.receiver] WARN  com.alibaba.nacos.client.naming - write DEFAULT_GROUP%40%40service-edu conflict;retry time: 1
2021-01-02 14:15:31.435 [com.alibaba.nacos.naming.push.receiver] WARN  com.alibaba.nacos.client.naming - write DEFAULT_GROUP%40%40service-edu conflict;retry time: 1
2021-01-02 14:15:31.457 [com.alibaba.nacos.naming.push.receiver] WARN  com.alibaba.nacos.client.naming - write DEFAULT_GROUP%40%40service-edu conflict;retry time: 2
2021-01-02 14:16:42.879 [com.alibaba.nacos.naming.push.receiver] WARN  com.alibaba.nacos.client.naming - write DEFAULT_GROUP%40%40service-edu conflict;retry time: 1
2021-01-02 14:16:42.879 [com.alibaba.nacos.naming.push.receiver] WARN  com.alibaba.nacos.client.naming - write DEFAULT_GROUP%40%40service-edu conflict;retry time: 1
2021-01-02 14:16:42.879 [com.alibaba.nacos.naming.push.receiver] WARN  com.alibaba.nacos.client.naming - write DEFAULT_GROUP%40%40service-edu conflict;retry time: 1
2021-01-02 14:16:42.901 [com.alibaba.nacos.naming.push.receiver] WARN  com.alibaba.nacos.client.naming - write DEFAULT_GROUP%40%40service-edu conflict;retry time: 2
2021-01-02 14:16:42.901 [com.alibaba.nacos.naming.push.receiver] WARN  com.alibaba.nacos.client.naming - write DEFAULT_GROUP%40%40service-edu conflict;retry time: 2
2021-01-02 14:16:42.932 [com.alibaba.nacos.naming.push.receiver] WARN  com.alibaba.nacos.client.naming - write DEFAULT_GROUP%40%40service-edu conflict;retry time: 3
2021-01-02 14:16:43.172 [restartedMain] WARN  org.apache.tomcat.util.modeler.Registry - The MBean registry cannot be disabled because it has already been initialised
2021-01-02 14:16:43.596 [restartedMain] WARN  com.netflix.config.sources.URLConfigurationSource - No URLs will be polled as dynamic configuration sources.
2021-01-02 14:16:45.400 [com.alibaba.nacos.naming.push.receiver] WARN  com.alibaba.nacos.client.naming - write DEFAULT_GROUP%40%40service-edu conflict;retry time: 1
2021-01-02 14:16:45.400 [com.alibaba.nacos.naming.push.receiver] WARN  com.alibaba.nacos.client.naming - write DEFAULT_GROUP%40%40service-edu conflict;retry time: 1
2021-01-02 14:16:45.400 [com.alibaba.nacos.naming.push.receiver] WARN  com.alibaba.nacos.client.naming - write DEFAULT_GROUP%40%40service-edu conflict;retry time: 1
2021-01-02 14:16:45.400 [com.alibaba.nacos.naming.push.receiver] WARN  com.alibaba.nacos.client.naming - write DEFAULT_GROUP%40%40service-edu conflict;retry time: 1
2021-01-02 14:16:45.421 [com.alibaba.nacos.naming.push.receiver] WARN  com.alibaba.nacos.client.naming - write DEFAULT_GROUP%40%40service-edu conflict;retry time: 2
2021-01-02 14:16:45.421 [com.alibaba.nacos.naming.push.receiver] WARN  com.alibaba.nacos.client.naming - write DEFAULT_GROUP%40%40service-edu conflict;retry time: 2
2021-01-02 14:16:45.421 [com.alibaba.nacos.naming.push.receiver] WARN  com.alibaba.nacos.client.naming - write DEFAULT_GROUP%40%40service-edu conflict;retry time: 2
2021-01-02 14:16:45.452 [com.alibaba.nacos.naming.push.receiver] WARN  com.alibaba.nacos.client.naming - write DEFAULT_GROUP%40%40service-edu conflict;retry time: 3
2021-01-02 14:16:45.452 [com.alibaba.nacos.naming.push.receiver] WARN  com.alibaba.nacos.client.naming - write DEFAULT_GROUP%40%40service-edu conflict;retry time: 3
2021-01-02 15:08:58.278 [com.alibaba.nacos.naming.push.receiver] WARN  com.alibaba.nacos.client.naming - write DEFAULT_GROUP%40%40service-edu conflict;retry time: 1
2021-01-02 15:08:58.278 [com.alibaba.nacos.naming.push.receiver] WARN  com.alibaba.nacos.client.naming - write DEFAULT_GROUP%40%40service-edu conflict;retry time: 1
2021-01-02 15:08:58.278 [com.alibaba.nacos.naming.push.receiver] WARN  com.alibaba.nacos.client.naming - write DEFAULT_GROUP%40%40service-edu conflict;retry time: 1
2021-01-02 15:08:58.278 [com.alibaba.nacos.naming.push.receiver] WARN  com.alibaba.nacos.client.naming - write DEFAULT_GROUP%40%40service-edu conflict;retry time: 1
2021-01-02 15:08:58.278 [com.alibaba.nacos.naming.push.receiver] WARN  com.alibaba.nacos.client.naming - write DEFAULT_GROUP%40%40service-edu conflict;retry time: 1
2021-01-02 15:08:58.300 [com.alibaba.nacos.naming.push.receiver] WARN  com.alibaba.nacos.client.naming - write DEFAULT_GROUP%40%40service-edu conflict;retry time: 2
2021-01-02 15:08:58.300 [com.alibaba.nacos.naming.push.receiver] WARN  com.alibaba.nacos.client.naming - write DEFAULT_GROUP%40%40service-edu conflict;retry time: 2
2021-01-02 15:08:58.300 [com.alibaba.nacos.naming.push.receiver] WARN  com.alibaba.nacos.client.naming - write DEFAULT_GROUP%40%40service-edu conflict;retry time: 2
2021-01-02 15:08:58.300 [com.alibaba.nacos.naming.push.receiver] WARN  com.alibaba.nacos.client.naming - write DEFAULT_GROUP%40%40service-edu conflict;retry time: 2
2021-01-02 15:08:58.331 [com.alibaba.nacos.naming.push.receiver] WARN  com.alibaba.nacos.client.naming - write DEFAULT_GROUP%40%40service-edu conflict;retry time: 3
2021-01-02 15:08:58.331 [com.alibaba.nacos.naming.push.receiver] WARN  com.alibaba.nacos.client.naming - write DEFAULT_GROUP%40%40service-edu conflict;retry time: 3
2021-01-02 15:08:58.331 [com.alibaba.nacos.naming.push.receiver] WARN  com.alibaba.nacos.client.naming - write DEFAULT_GROUP%40%40service-edu conflict;retry time: 3
2021-01-02 15:08:58.372 [com.alibaba.nacos.naming.push.receiver] WARN  com.alibaba.nacos.client.naming - write DEFAULT_GROUP%40%40service-edu conflict;retry time: 4
2021-01-02 15:08:58.372 [com.alibaba.nacos.naming.push.receiver] WARN  com.alibaba.nacos.client.naming - write DEFAULT_GROUP%40%40service-edu conflict;retry time: 4
2021-01-02 15:08:58.422 [com.alibaba.nacos.naming.push.receiver] WARN  com.alibaba.nacos.client.naming - write DEFAULT_GROUP%40%40service-edu conflict;retry time: 5
2021-01-02 15:08:58.683 [restartedMain] WARN  org.apache.tomcat.util.modeler.Registry - The MBean registry cannot be disabled because it has already been initialised
2021-01-02 15:08:59.040 [restartedMain] WARN  com.netflix.config.sources.URLConfigurationSource - No URLs will be polled as dynamic configuration sources.
2021-01-02 15:09:00.775 [com.alibaba.nacos.naming.push.receiver] WARN  com.alibaba.nacos.client.naming - write DEFAULT_GROUP%40%40service-edu conflict;retry time: 1
2021-01-02 15:09:00.775 [com.alibaba.nacos.naming.push.receiver] WARN  com.alibaba.nacos.client.naming - write DEFAULT_GROUP%40%40service-edu conflict;retry time: 1
2021-01-02 15:09:00.775 [com.alibaba.nacos.naming.push.receiver] WARN  com.alibaba.nacos.client.naming - write DEFAULT_GROUP%40%40service-edu conflict;retry time: 1
2021-01-02 15:09:00.775 [com.alibaba.nacos.naming.push.receiver] WARN  com.alibaba.nacos.client.naming - write DEFAULT_GROUP%40%40service-edu conflict;retry time: 1
2021-01-02 15:09:00.796 [com.alibaba.nacos.naming.push.receiver] WARN  com.alibaba.nacos.client.naming - write DEFAULT_GROUP%40%40service-edu conflict;retry time: 2
2021-01-02 15:09:00.796 [com.alibaba.nacos.naming.push.receiver] WARN  com.alibaba.nacos.client.naming - write DEFAULT_GROUP%40%40service-edu conflict;retry time: 2
2021-01-02 15:09:00.796 [com.alibaba.nacos.naming.push.receiver] WARN  com.alibaba.nacos.client.naming - write DEFAULT_GROUP%40%40service-edu conflict;retry time: 2
2021-01-02 15:09:00.828 [com.alibaba.nacos.naming.push.receiver] WARN  com.alibaba.nacos.client.naming - write DEFAULT_GROUP%40%40service-edu conflict;retry time: 3
2021-01-02 15:09:00.828 [com.alibaba.nacos.naming.push.receiver] WARN  com.alibaba.nacos.client.naming - write DEFAULT_GROUP%40%40service-edu conflict;retry time: 3
2021-01-02 15:11:50.070 [com.alibaba.nacos.naming.push.receiver] WARN  com.alibaba.nacos.client.naming - write DEFAULT_GROUP%40%40service-edu conflict;retry time: 1
2021-01-02 15:11:50.070 [com.alibaba.nacos.naming.push.receiver] WARN  com.alibaba.nacos.client.naming - write DEFAULT_GROUP%40%40service-edu conflict;retry time: 1
2021-01-02 15:11:50.070 [com.alibaba.nacos.naming.push.receiver] WARN  com.alibaba.nacos.client.naming - write DEFAULT_GROUP%40%40service-edu conflict;retry time: 1
2021-01-02 15:11:50.070 [com.alibaba.nacos.naming.push.receiver] WARN  com.alibaba.nacos.client.naming - write DEFAULT_GROUP%40%40service-edu conflict;retry time: 1
2021-01-02 15:11:50.070 [com.alibaba.nacos.naming.push.receiver] WARN  com.alibaba.nacos.client.naming - write DEFAULT_GROUP%40%40service-edu conflict;retry time: 1
2021-01-02 15:11:50.092 [com.alibaba.nacos.naming.push.receiver] WARN  com.alibaba.nacos.client.naming - write DEFAULT_GROUP%40%40service-edu conflict;retry time: 2
2021-01-02 15:11:50.092 [com.alibaba.nacos.naming.push.receiver] WARN  com.alibaba.nacos.client.naming - write DEFAULT_GROUP%40%40service-edu conflict;retry time: 2
2021-01-02 15:11:50.092 [com.alibaba.nacos.naming.push.receiver] WARN  com.alibaba.nacos.client.naming - write DEFAULT_GROUP%40%40service-edu conflict;retry time: 2
2021-01-02 15:11:50.123 [com.alibaba.nacos.naming.push.receiver] WARN  com.alibaba.nacos.client.naming - write DEFAULT_GROUP%40%40service-edu conflict;retry time: 3
2021-01-02 15:11:50.123 [com.alibaba.nacos.naming.push.receiver] WARN  com.alibaba.nacos.client.naming - write DEFAULT_GROUP%40%40service-edu conflict;retry time: 3
2021-01-02 15:11:50.163 [com.alibaba.nacos.naming.push.receiver] WARN  com.alibaba.nacos.client.naming - write DEFAULT_GROUP%40%40service-edu conflict;retry time: 4
2021-01-02 15:11:50.330 [restartedMain] WARN  org.apache.tomcat.util.modeler.Registry - The MBean registry cannot be disabled because it has already been initialised
2021-01-02 15:11:50.751 [restartedMain] WARN  com.netflix.config.sources.URLConfigurationSource - No URLs will be polled as dynamic configuration sources.
2021-01-02 15:11:52.512 [com.alibaba.nacos.naming.push.receiver] WARN  com.alibaba.nacos.client.naming - write DEFAULT_GROUP%40%40service-edu conflict;retry time: 1
2021-01-02 15:11:52.512 [com.alibaba.nacos.naming.push.receiver] WARN  com.alibaba.nacos.client.naming - write DEFAULT_GROUP%40%40service-edu conflict;retry time: 1
2021-01-02 15:11:52.512 [com.alibaba.nacos.naming.push.receiver] WARN  com.alibaba.nacos.client.naming - write DEFAULT_GROUP%40%40service-edu conflict;retry time: 1
2021-01-02 15:11:52.512 [com.alibaba.nacos.naming.push.receiver] WARN  com.alibaba.nacos.client.naming - write DEFAULT_GROUP%40%40service-edu conflict;retry time: 1
2021-01-02 15:11:52.512 [com.alibaba.nacos.naming.push.receiver] WARN  com.alibaba.nacos.client.naming - write DEFAULT_GROUP%40%40service-edu conflict;retry time: 1
2021-01-02 15:11:52.533 [com.alibaba.nacos.naming.push.receiver] WARN  com.alibaba.nacos.client.naming - write DEFAULT_GROUP%40%40service-edu conflict;retry time: 2
2021-01-02 15:11:52.533 [com.alibaba.nacos.naming.push.receiver] WARN  com.alibaba.nacos.client.naming - write DEFAULT_GROUP%40%40service-edu conflict;retry time: 2
2021-01-02 15:11:52.533 [com.alibaba.nacos.naming.push.receiver] WARN  com.alibaba.nacos.client.naming - write DEFAULT_GROUP%40%40service-edu conflict;retry time: 2
2021-01-02 15:11:52.534 [com.alibaba.nacos.naming.push.receiver] WARN  com.alibaba.nacos.client.naming - write DEFAULT_GROUP%40%40service-edu conflict;retry time: 2
2021-01-02 15:11:52.565 [com.alibaba.nacos.naming.push.receiver] WARN  com.alibaba.nacos.client.naming - write DEFAULT_GROUP%40%40service-edu conflict;retry time: 3
2021-01-02 15:34:52.749 [com.alibaba.nacos.naming.push.receiver] WARN  com.alibaba.nacos.client.naming - write DEFAULT_GROUP%40%40service-vod conflict;retry time: 1
2021-01-02 15:34:52.749 [com.alibaba.nacos.naming.push.receiver] WARN  com.alibaba.nacos.client.naming - write DEFAULT_GROUP%40%40service-vod conflict;retry time: 1
2021-01-02 15:34:52.749 [com.alibaba.nacos.naming.push.receiver] WARN  com.alibaba.nacos.client.naming - write DEFAULT_GROUP%40%40service-vod conflict;retry time: 1
2021-01-02 15:34:52.770 [com.alibaba.nacos.naming.push.receiver] WARN  com.alibaba.nacos.client.naming - write DEFAULT_GROUP%40%40service-vod conflict;retry time: 2
2021-01-02 15:34:52.770 [com.alibaba.nacos.naming.push.receiver] WARN  com.alibaba.nacos.client.naming - write DEFAULT_GROUP%40%40service-vod conflict;retry time: 2
2021-01-02 15:34:52.998 [com.alibaba.nacos.naming.push.receiver] WARN  com.alibaba.nacos.client.naming - write DEFAULT_GROUP%40%40server-oss conflict;retry time: 1
2021-01-02 15:34:52.998 [com.alibaba.nacos.naming.push.receiver] WARN  com.alibaba.nacos.client.naming - write DEFAULT_GROUP%40%40server-oss conflict;retry time: 1
2021-01-02 15:34:53.807 [com.alibaba.nacos.naming.push.receiver] WARN  com.alibaba.nacos.client.naming - write DEFAULT_GROUP%40%40service-edu conflict;retry time: 1
2021-01-02 15:34:53.807 [com.alibaba.nacos.naming.push.receiver] WARN  com.alibaba.nacos.client.naming - write DEFAULT_GROUP%40%40service-edu conflict;retry time: 1
2021-01-02 15:34:53.829 [com.alibaba.nacos.naming.push.receiver] WARN  com.alibaba.nacos.client.naming - write DEFAULT_GROUP%40%40service-edu conflict;retry time: 2
2021-01-02 15:35:01.381 [com.alibaba.nacos.naming.push.receiver] WARN  com.alibaba.nacos.client.naming - out of date data received, old-t: 1609572898242, new-t: 1609572890664
2021-01-02 15:35:01.382 [com.alibaba.nacos.naming.push.receiver] WARN  com.alibaba.nacos.client.naming - out of date data received, old-t: 1609572899425, new-t: 1609572890664
2021-01-02 15:35:01.382 [com.alibaba.nacos.naming.push.receiver] WARN  com.alibaba.nacos.client.naming - out of date data received, old-t: 1609572900056, new-t: 1609572890664
2021-01-02 15:35:01.383 [com.alibaba.nacos.naming.push.receiver] WARN  com.alibaba.nacos.client.naming - out of date data received, old-t: 1609572900622, new-t: 1609572890664
2021-01-02 15:35:01.384 [com.alibaba.nacos.naming.push.receiver] WARN  com.alibaba.nacos.client.naming - out of date data received, old-t: 1609572899445, new-t: 1609572890664
2021-01-02 15:35:07.141 [HikariPool-10 housekeeper] WARN  com.zaxxer.hikari.pool.HikariPool - HikariPool-10 - Thread starvation or clock leap detected (housekeeper delta=2m16s511ms634µs200ns).
2021-01-02 15:47:41.672 [com.alibaba.nacos.naming.push.receiver] WARN  com.alibaba.nacos.client.naming - write DEFAULT_GROUP%40%40service-vod conflict;retry time: 1
2021-01-02 15:47:41.674 [com.alibaba.nacos.naming.push.receiver] WARN  com.alibaba.nacos.client.naming - write DEFAULT_GROUP%40%40service-vod conflict;retry time: 1
2021-01-02 15:47:41.914 [com.alibaba.nacos.naming.push.receiver] WARN  com.alibaba.nacos.client.naming - write DEFAULT_GROUP%40%40server-oss conflict;retry time: 1
2021-01-02 15:47:41.914 [com.alibaba.nacos.naming.push.receiver] WARN  com.alibaba.nacos.client.naming - write DEFAULT_GROUP%40%40server-oss conflict;retry time: 1
2021-01-02 15:47:41.935 [com.alibaba.nacos.naming.push.receiver] WARN  com.alibaba.nacos.client.naming - write DEFAULT_GROUP%40%40server-oss conflict;retry time: 2
2021-01-02 15:47:42.731 [com.alibaba.nacos.naming.push.receiver] WARN  com.alibaba.nacos.client.naming - write DEFAULT_GROUP%40%40service-edu conflict;retry time: 1
2021-01-02 15:47:42.731 [com.alibaba.nacos.naming.push.receiver] WARN  com.alibaba.nacos.client.naming - write DEFAULT_GROUP%40%40service-edu conflict;retry time: 1
2021-01-02 15:47:42.751 [com.alibaba.nacos.naming.push.receiver] WARN  com.alibaba.nacos.client.naming - write DEFAULT_GROUP%40%40service-edu conflict;retry time: 2
2021-01-02 15:47:50.290 [com.alibaba.nacos.naming.push.receiver] WARN  com.alibaba.nacos.client.naming - out of date data received, old-t: 1609573667219, new-t: 1609573659585
2021-01-02 15:47:50.291 [com.alibaba.nacos.naming.push.receiver] WARN  com.alibaba.nacos.client.naming - out of date data received, old-t: 1609573668363, new-t: 1609573659585
2021-01-02 15:47:50.291 [com.alibaba.nacos.naming.push.receiver] WARN  com.alibaba.nacos.client.naming - out of date data received, old-t: 1609573668976, new-t: 1609573659585
2021-01-02 15:47:50.295 [com.alibaba.nacos.naming.push.receiver] WARN  com.alibaba.nacos.client.naming - out of date data received, old-t: 1609573669558, new-t: 1609573659585
2021-01-02 15:47:50.295 [com.alibaba.nacos.naming.push.receiver] WARN  com.alibaba.nacos.client.naming - out of date data received, old-t: 1609573668377, new-t: 1609573659586
2021-01-02 15:47:56.048 [HikariPool-10 housekeeper] WARN  com.zaxxer.hikari.pool.HikariPool - HikariPool-10 - Thread starvation or clock leap detected (housekeeper delta=12m18s936ms771µs800ns).
2021-01-02 16:04:39.365 [http-nio-8001-exec-6] WARN  com.zaxxer.hikari.pool.PoolBase - HikariPool-10 - Failed to validate connection com.mysql.cj.jdbc.ConnectionImpl@4846899e (No operations allowed after connection closed.). Possibly consider using a shorter maxLifetime value.
2021-01-02 16:04:39.367 [http-nio-8001-exec-6] WARN  com.zaxxer.hikari.pool.PoolBase - HikariPool-10 - Failed to validate connection com.mysql.cj.jdbc.ConnectionImpl@42bee2ee (No operations allowed after connection closed.). Possibly consider using a shorter maxLifetime value.
2021-01-02 16:04:39.369 [http-nio-8001-exec-6] WARN  com.zaxxer.hikari.pool.PoolBase - HikariPool-10 - Failed to validate connection com.mysql.cj.jdbc.ConnectionImpl@7bca17cd (No operations allowed after connection closed.). Possibly consider using a shorter maxLifetime value.
2021-01-02 16:04:39.371 [http-nio-8001-exec-6] WARN  com.zaxxer.hikari.pool.PoolBase - HikariPool-10 - Failed to validate connection com.mysql.cj.jdbc.ConnectionImpl@3671301c (No operations allowed after connection closed.). Possibly consider using a shorter maxLifetime value.
2021-01-02 16:04:39.372 [http-nio-8001-exec-6] WARN  com.zaxxer.hikari.pool.PoolBase - HikariPool-10 - Failed to validate connection com.mysql.cj.jdbc.ConnectionImpl@3ed0dae (No operations allowed after connection closed.). Possibly consider using a shorter maxLifetime value.
2021-01-02 16:04:39.375 [http-nio-8001-exec-6] WARN  com.zaxxer.hikari.pool.PoolBase - HikariPool-10 - Failed to validate connection com.mysql.cj.jdbc.ConnectionImpl@67938b92 (No operations allowed after connection closed.). Possibly consider using a shorter maxLifetime value.
2021-01-02 16:04:39.377 [http-nio-8001-exec-6] WARN  com.zaxxer.hikari.pool.PoolBase - HikariPool-10 - Failed to validate connection com.mysql.cj.jdbc.ConnectionImpl@4c4c8cd2 (No operations allowed after connection closed.). Possibly consider using a shorter maxLifetime value.
2021-01-02 16:04:39.382 [http-nio-8001-exec-6] WARN  com.zaxxer.hikari.pool.PoolBase - HikariPool-10 - Failed to validate connection com.mysql.cj.jdbc.ConnectionImpl@7302b497 (No operations allowed after connection closed.). Possibly consider using a shorter maxLifetime value.
2021-01-02 16:04:39.384 [http-nio-8001-exec-6] WARN  com.zaxxer.hikari.pool.PoolBase - HikariPool-10 - Failed to validate connection com.mysql.cj.jdbc.ConnectionImpl@18e94724 (No operations allowed after connection closed.). Possibly consider using a shorter maxLifetime value.
2021-01-02 16:04:39.387 [http-nio-8001-exec-6] WARN  com.zaxxer.hikari.pool.PoolBase - HikariPool-10 - Failed to validate connection com.mysql.cj.jdbc.ConnectionImpl@63dd90b0 (No operations allowed after connection closed.). Possibly consider using a shorter maxLifetime value.
2021-01-02 16:13:55.516 [com.alibaba.nacos.naming.push.receiver] WARN  com.alibaba.nacos.client.naming - write DEFAULT_GROUP%40%40service-edu conflict;retry time: 3
2021-01-02 16:13:55.516 [com.alibaba.nacos.naming.push.receiver] WARN  com.alibaba.nacos.client.naming - write DEFAULT_GROUP%40%40service-edu conflict;retry time: 3
2021-01-02 16:13:55.898 [restartedMain] WARN  org.apache.tomcat.util.modeler.Registry - The MBean registry cannot be disabled because it has already been initialised
2021-01-02 16:13:56.319 [restartedMain] WARN  com.netflix.config.sources.URLConfigurationSource - No URLs will be polled as dynamic configuration sources.
2021-01-02 16:13:58.061 [com.alibaba.nacos.naming.push.receiver] WARN  com.alibaba.nacos.client.naming - write DEFAULT_GROUP%40%40service-edu conflict;retry time: 1
2021-01-02 16:13:58.061 [com.alibaba.nacos.naming.push.receiver] WARN  com.alibaba.nacos.client.naming - write DEFAULT_GROUP%40%40service-edu conflict;retry time: 1
2021-01-02 16:13:58.061 [com.alibaba.nacos.naming.push.receiver] WARN  com.alibaba.nacos.client.naming - write DEFAULT_GROUP%40%40service-edu conflict;retry time: 1
2021-01-02 16:13:58.061 [com.alibaba.nacos.naming.push.receiver] WARN  com.alibaba.nacos.client.naming - write DEFAULT_GROUP%40%40service-edu conflict;retry time: 1
2021-01-02 16:13:58.061 [com.alibaba.nacos.naming.push.receiver] WARN  com.alibaba.nacos.client.naming - write DEFAULT_GROUP%40%40service-edu conflict;retry time: 1
2021-01-02 16:13:58.063 [com.alibaba.nacos.naming.push.receiver] WARN  com.alibaba.nacos.client.naming - write DEFAULT_GROUP%40%40service-edu conflict;retry time: 1
2021-01-02 16:13:58.082 [com.alibaba.nacos.naming.push.receiver] WARN  com.alibaba.nacos.client.naming - write DEFAULT_GROUP%40%40service-edu conflict;retry time: 2
2021-01-02 16:13:58.082 [com.alibaba.nacos.naming.push.receiver] WARN  com.alibaba.nacos.client.naming - write DEFAULT_GROUP%40%40service-edu conflict;retry time: 2
2021-01-02 16:13:58.082 [com.alibaba.nacos.naming.push.receiver] WARN  com.alibaba.nacos.client.naming - write DEFAULT_GROUP%40%40service-edu conflict;retry time: 2
2021-01-02 16:13:58.113 [com.alibaba.nacos.naming.push.receiver] WARN  com.alibaba.nacos.client.naming - write DEFAULT_GROUP%40%40service-edu conflict;retry time: 3
